21:54:42,695  INFO MyThread:32 - sout from Thread: a
21:54:42,696  INFO MyThread:32 - sout from Thread: a
21:54:42,696  INFO MyThread:32 - sout from Thread: a
21:54:42,696  INFO MyThread:32 - sout from Thread: a
21:54:42,696  INFO MyThread:32 - sout from Thread: a
21:54:42,696  INFO MyThread:32 - sout from Thread: a
21:54:42,696  INFO MyThread:32 - sout from Thread: a
21:54:42,696  INFO MyThread:32 - sout from Thread: a
21:54:42,697  INFO MyThread:32 - sout from Thread: a
21:54:42,697  INFO MyThread:32 - sout from Thread: a
21:54:42,697  INFO MyThread:32 - sout from Thread: a
21:54:42,697  INFO MyThread:32 - sout from Thread: a
21:54:42,697  INFO MyThread:32 - sout from Thread: a
21:54:42,697  INFO MyThread:32 - sout from Thread: a
21:54:42,697  INFO MyThread:32 - sout from Thread: a
21:54:42,697  INFO MyThread:32 - sout from Thread: a
21:54:42,698  INFO MyThread:32 - sout from Thread: a
21:54:42,698  INFO MyThread:32 - sout from Thread: a
21:54:42,698  INFO MyThread:32 - sout from Thread: a
21:54:42,698  INFO MyThread:32 - sout from Thread: a
21:54:42,698  INFO MyThread:32 - sout from Thread: a
21:54:42,698  INFO MyThread:32 - sout from Thread: a
21:54:42,698  INFO MyThread:32 - sout from Thread: a
21:54:42,698  INFO MyThread:32 - sout from Thread: a
21:54:42,698  INFO MyThread:32 - sout from Thread: a
21:54:42,698  INFO MyThread:32 - sout from Thread: a
21:54:42,699  INFO MyThread:32 - sout from Thread: a
21:54:42,699  INFO MyThread:32 - sout from Thread: a
21:54:42,699  INFO MyThread:32 - sout from Thread: a
21:54:42,699  INFO MyThread:32 - sout from Thread: a
21:54:42,699  INFO MyThread:32 - sout from Thread: a
21:54:42,699  INFO MyThread:32 - sout from Thread: a
21:54:42,699  INFO MyThread:32 - sout from Thread: a
21:54:42,699  INFO MyThread:32 - sout from Thread: a
21:54:42,699  INFO MyThread:32 - sout from Thread: a
21:54:42,700  INFO MyThread:32 - sout from Thread: a
21:54:42,700  INFO MyThread:32 - sout from Thread: a
21:54:42,700  INFO MyThread:32 - sout from Thread: a
21:54:42,700  INFO MyThread:32 - sout from Thread: a
21:54:42,700  INFO MyThread:32 - sout from Thread: a
21:54:42,700  INFO MyThread:32 - sout from Thread: a
21:54:42,700  INFO MyThread:32 - sout from Thread: a
21:54:42,700  INFO MyThread:32 - sout from Thread: a
21:54:42,700  INFO MyThread:32 - sout from Thread: a
21:54:42,700  INFO MyThread:32 - sout from Thread: a
21:54:42,700  INFO MyThread:32 - sout from Thread: a
21:54:42,701  INFO MyThread:32 - sout from Thread: a
21:54:42,701  INFO MyThread:32 - sout from Thread: a
21:54:42,701  INFO MyThread:32 - sout from Thread: a
21:54:42,701  INFO MyThread:32 - sout from Thread: a
21:54:42,701  INFO MyThread:32 - sout from Thread: a
21:54:42,701  INFO MyThread:32 - sout from Thread: a
21:54:42,701  INFO MyThread:32 - sout from Thread: a
21:54:42,701  INFO MyThread:32 - sout from Thread: a
21:54:42,701  INFO MyThread:32 - sout from Thread: a
21:54:42,701  INFO MyThread:32 - sout from Thread: a
21:54:42,702  INFO MyThread:32 - sout from Thread: a
21:54:42,702  INFO MyThread:32 - sout from Thread: a
21:54:42,702  INFO MyThread:32 - sout from Thread: a
21:54:42,702  INFO MyThread:32 - sout from Thread: a
21:54:42,702  INFO MyThread:32 - sout from Thread: a
21:54:42,702  INFO MyThread:32 - sout from Thread: a
21:54:42,702  INFO MyThread:32 - sout from Thread: a
21:54:42,702  INFO MyThread:32 - sout from Thread: a
21:54:42,702  INFO MyThread:32 - sout from Thread: a
21:54:42,702  INFO MyThread:32 - sout from Thread: a
21:54:42,702  INFO MyThread:32 - sout from Thread: a
21:54:42,702  INFO MyThread:32 - sout from Thread: a
21:54:42,702  INFO MyThread:32 - sout from Thread: a
21:54:42,703  INFO MyThread:32 - sout from Thread: a
21:54:42,703  INFO MyThread:32 - sout from Thread: a
21:54:42,703  INFO MyThread:32 - sout from Thread: a
21:54:42,703  INFO MyThread:32 - sout from Thread: a
21:54:42,703  INFO MyThread:32 - sout from Thread: a
21:54:42,703  INFO MyThread:32 - sout from Thread: a
21:54:42,703  INFO MyThread:32 - sout from Thread: a
21:54:42,703  INFO MyThread:32 - sout from Thread: a
21:54:42,704  INFO MyThread:32 - sout from Thread: a
21:54:42,704  INFO MyThread:32 - sout from Thread: a
21:54:42,704  INFO MyThread:32 - sout from Thread: a
21:54:42,704  INFO MyThread:32 - sout from Thread: a
21:54:42,704  INFO MyThread:32 - sout from Thread: a
21:54:42,704  INFO MyThread:32 - sout from Thread: a
21:54:42,704  INFO MyThread:32 - sout from Thread: a
21:54:42,705  INFO MyThread:32 - sout from Thread: a
21:54:42,705  INFO MyThread:32 - sout from Thread: a
21:54:42,705  INFO MyThread:32 - sout from Thread: a
21:54:42,705  INFO MyThread:32 - sout from Thread: a
21:54:42,706  INFO MyThread:32 - sout from Thread: a
21:54:42,706  INFO MyThread:32 - sout from Thread: a
21:54:42,706  INFO MyThread:32 - sout from Thread: a
21:54:42,706  INFO MyThread:32 - sout from Thread: a
21:54:42,706  INFO MyThread:32 - sout from Thread: a
21:54:42,706  INFO MyThread:32 - sout from Thread: a
21:54:42,706  INFO MyThread:32 - sout from Thread: a
21:54:42,706  INFO MyThread:32 - sout from Thread: a
21:54:42,706  INFO MyThread:32 - sout from Thread: a
21:54:42,706  INFO MyThread:32 - sout from Thread: a
21:54:42,706  INFO MyThread:32 - sout from Thread: a
21:54:42,706  INFO MyThread:32 - sout from Thread: a
21:54:42,707  INFO MyThread:32 - sout from Thread: b
21:54:42,707  INFO MyThread:32 - sout from Thread: b
21:54:42,707  INFO MyThread:32 - sout from Thread: b
21:54:42,707  INFO MyThread:32 - sout from Thread: b
21:54:42,707  INFO MyThread:32 - sout from Thread: b
21:54:42,707  INFO MyThread:32 - sout from Thread: b
21:54:42,707  INFO MyThread:32 - sout from Thread: b
21:54:42,707  INFO MyThread:32 - sout from Thread: b
21:54:42,707  INFO MyThread:32 - sout from Thread: b
21:54:42,707  INFO MyThread:32 - sout from Thread: b
21:54:42,707  INFO MyThread:32 - sout from Thread: b
21:54:42,707  INFO MyThread:32 - sout from Thread: b
21:54:42,708  INFO MyThread:32 - sout from Thread: b
21:54:42,708  INFO MyThread:32 - sout from Thread: b
21:54:42,708  INFO MyThread:32 - sout from Thread: b
21:54:42,708  INFO MyThread:32 - sout from Thread: b
21:54:42,708  INFO MyThread:32 - sout from Thread: b
21:54:42,708  INFO MyThread:32 - sout from Thread: b
21:54:42,708  INFO MyThread:32 - sout from Thread: b
21:54:42,708  INFO MyThread:32 - sout from Thread: b
21:54:42,708  INFO MyThread:32 - sout from Thread: b
21:54:42,708  INFO MyThread:32 - sout from Thread: b
21:54:42,708  INFO MyThread:32 - sout from Thread: b
21:54:42,708  INFO MyThread:32 - sout from Thread: b
21:54:42,708  INFO MyThread:32 - sout from Thread: b
21:54:42,708  INFO MyThread:32 - sout from Thread: b
21:54:42,708  INFO MyThread:32 - sout from Thread: b
21:54:42,708  INFO MyThread:32 - sout from Thread: b
21:54:42,708  INFO MyThread:32 - sout from Thread: b
21:54:42,709  INFO MyThread:32 - sout from Thread: b
21:54:42,709  INFO MyThread:32 - sout from Thread: b
21:54:42,709  INFO MyThread:32 - sout from Thread: b
21:54:42,709  INFO MyThread:32 - sout from Thread: b
21:54:42,709  INFO MyThread:32 - sout from Thread: b
21:54:42,709  INFO MyThread:32 - sout from Thread: b
21:54:42,709  INFO MyThread:32 - sout from Thread: b
21:54:42,709  INFO MyThread:32 - sout from Thread: b
21:54:42,709  INFO MyThread:32 - sout from Thread: b
21:54:42,709  INFO MyThread:32 - sout from Thread: b
21:54:42,709  INFO MyThread:32 - sout from Thread: b
21:54:42,709  INFO MyThread:32 - sout from Thread: b
21:54:42,710  INFO MyThread:32 - sout from Thread: b
21:54:42,710  INFO MyThread:32 - sout from Thread: b
21:54:42,710  INFO MyThread:32 - sout from Thread: b
21:54:42,710  INFO MyThread:32 - sout from Thread: b
21:54:42,710  INFO MyThread:32 - sout from Thread: b
21:54:42,710  INFO MyThread:32 - sout from Thread: b
21:54:42,710  INFO MyThread:32 - sout from Thread: b
21:54:42,710  INFO MyThread:32 - sout from Thread: b
21:54:42,710  INFO MyThread:32 - sout from Thread: b
21:54:42,710  INFO MyThread:32 - sout from Thread: b
21:54:42,710  INFO MyThread:32 - sout from Thread: b
21:54:42,710  INFO MyThread:32 - sout from Thread: b
21:54:42,710  INFO MyThread:32 - sout from Thread: b
21:54:42,710  INFO MyThread:32 - sout from Thread: b
21:54:42,710  INFO MyThread:32 - sout from Thread: b
21:54:42,712  INFO MyThread:32 - sout from Thread: b
21:54:42,712  INFO MyThread:32 - sout from Thread: b
21:54:42,712  INFO MyThread:32 - sout from Thread: b
21:54:42,712  INFO MyThread:32 - sout from Thread: b
21:54:42,712  INFO MyThread:32 - sout from Thread: b
21:54:42,712  INFO MyThread:32 - sout from Thread: b
21:54:42,712  INFO MyThread:32 - sout from Thread: b
21:54:42,712  INFO MyThread:32 - sout from Thread: b
21:54:42,712  INFO MyThread:32 - sout from Thread: b
21:54:42,712  INFO MyThread:32 - sout from Thread: b
21:54:42,712  INFO MyThread:32 - sout from Thread: b
21:54:42,712  INFO MyThread:32 - sout from Thread: b
21:54:42,713  INFO MyThread:32 - sout from Thread: b
21:54:42,713  INFO MyThread:32 - sout from Thread: b
21:54:42,713  INFO MyThread:32 - sout from Thread: b
21:54:42,713  INFO MyThread:32 - sout from Thread: b
21:54:42,713  INFO MyThread:32 - sout from Thread: b
21:54:42,713  INFO MyThread:32 - sout from Thread: b
21:54:42,713  INFO MyThread:32 - sout from Thread: b
21:54:42,713  INFO MyThread:32 - sout from Thread: b
21:54:42,713  INFO MyThread:32 - sout from Thread: b
21:54:42,713  INFO MyThread:32 - sout from Thread: b
21:54:42,713  INFO MyThread:32 - sout from Thread: b
21:54:42,713  INFO MyThread:32 - sout from Thread: b
21:54:42,713  INFO MyThread:32 - sout from Thread: b
21:54:42,713  INFO MyThread:32 - sout from Thread: b
21:54:42,713  INFO MyThread:32 - sout from Thread: b
21:54:42,713  INFO MyThread:32 - sout from Thread: b
21:54:42,713  INFO MyThread:32 - sout from Thread: b
21:54:42,713  INFO MyThread:32 - sout from Thread: b
21:54:42,713  INFO MyThread:32 - sout from Thread: b
21:54:42,713  INFO MyThread:32 - sout from Thread: b
21:54:42,714  INFO MyThread:32 - sout from Thread: b
21:54:42,714  INFO MyThread:32 - sout from Thread: b
21:54:42,714  INFO MyThread:32 - sout from Thread: b
21:54:42,714  INFO MyThread:32 - sout from Thread: b
21:54:42,714  INFO MyThread:32 - sout from Thread: b
21:54:42,714  INFO MyThread:32 - sout from Thread: b
21:54:42,714  INFO MyThread:32 - sout from Thread: b
21:54:42,714  INFO MyThread:32 - sout from Thread: b
21:54:42,714  INFO MyThread:32 - sout from Thread: b
21:54:42,714  INFO MyThread:32 - sout from Thread: b
21:54:42,714  INFO MyThread:32 - sout from Thread: b
21:54:42,714  INFO MyThread:32 - sout from Thread: b
21:54:42,714  INFO MyThread:32 - sout from Thread: c
21:54:42,715  INFO MyThread:32 - sout from Thread: c
21:54:42,715  INFO MyThread:32 - sout from Thread: c
21:54:42,715  INFO MyThread:32 - sout from Thread: c
21:54:42,715  INFO MyThread:32 - sout from Thread: c
21:54:42,715  INFO MyThread:32 - sout from Thread: c
21:54:42,715  INFO MyThread:32 - sout from Thread: c
21:54:42,716  INFO MyThread:32 - sout from Thread: c
21:54:42,716  INFO MyThread:32 - sout from Thread: c
21:54:42,716  INFO MyThread:32 - sout from Thread: c
21:54:42,716  INFO MyThread:32 - sout from Thread: c
21:54:42,716  INFO MyThread:32 - sout from Thread: c
21:54:42,716  INFO MyThread:32 - sout from Thread: c
21:54:42,716  INFO MyThread:32 - sout from Thread: c
21:54:42,716  INFO MyThread:32 - sout from Thread: c
21:54:42,716  INFO MyThread:32 - sout from Thread: c
21:54:42,716  INFO MyThread:32 - sout from Thread: c
21:54:42,716  INFO MyThread:32 - sout from Thread: c
21:54:42,716  INFO MyThread:32 - sout from Thread: c
21:54:42,716  INFO MyThread:32 - sout from Thread: c
21:54:42,716  INFO MyThread:32 - sout from Thread: c
21:54:42,716  INFO MyThread:32 - sout from Thread: c
21:54:42,716  INFO MyThread:32 - sout from Thread: c
21:54:42,716  INFO MyThread:32 - sout from Thread: c
21:54:42,716  INFO MyThread:32 - sout from Thread: c
21:54:42,716  INFO MyThread:32 - sout from Thread: c
21:54:42,716  INFO MyThread:32 - sout from Thread: c
21:54:42,717  INFO MyThread:32 - sout from Thread: c
21:54:42,717  INFO MyThread:32 - sout from Thread: c
21:54:42,717  INFO MyThread:32 - sout from Thread: c
21:54:42,717  INFO MyThread:32 - sout from Thread: c
21:54:42,717  INFO MyThread:32 - sout from Thread: c
21:54:42,717  INFO MyThread:32 - sout from Thread: c
21:54:42,717  INFO MyThread:32 - sout from Thread: c
21:54:42,717  INFO MyThread:32 - sout from Thread: c
21:54:42,717  INFO MyThread:32 - sout from Thread: c
21:54:42,717  INFO MyThread:32 - sout from Thread: c
21:54:42,717  INFO MyThread:32 - sout from Thread: c
21:54:42,717  INFO MyThread:32 - sout from Thread: c
21:54:42,717  INFO MyThread:32 - sout from Thread: c
21:54:42,717  INFO MyThread:32 - sout from Thread: c
21:54:42,717  INFO MyThread:32 - sout from Thread: c
21:54:42,717  INFO MyThread:32 - sout from Thread: c
21:54:42,717  INFO MyThread:32 - sout from Thread: c
21:54:42,717  INFO MyThread:32 - sout from Thread: c
21:54:42,717  INFO MyThread:32 - sout from Thread: c
21:54:42,717  INFO MyThread:32 - sout from Thread: c
21:54:42,717  INFO MyThread:32 - sout from Thread: c
21:54:42,717  INFO MyThread:32 - sout from Thread: c
21:54:42,717  INFO MyThread:32 - sout from Thread: c
21:54:42,718  INFO MyThread:32 - sout from Thread: c
21:54:42,718  INFO MyThread:32 - sout from Thread: c
21:54:42,718  INFO MyThread:32 - sout from Thread: c
21:54:42,718  INFO MyThread:32 - sout from Thread: c
21:54:42,718  INFO MyThread:32 - sout from Thread: c
21:54:42,718  INFO MyThread:32 - sout from Thread: c
21:54:42,718  INFO MyThread:32 - sout from Thread: c
21:54:42,718  INFO MyThread:32 - sout from Thread: c
21:54:42,718  INFO MyThread:32 - sout from Thread: c
21:54:42,718  INFO MyThread:32 - sout from Thread: c
21:54:42,718  INFO MyThread:32 - sout from Thread: c
21:54:42,719  INFO MyThread:32 - sout from Thread: c
21:54:42,719  INFO MyThread:32 - sout from Thread: c
21:54:42,719  INFO MyThread:32 - sout from Thread: c
21:54:42,719  INFO MyThread:32 - sout from Thread: c
21:54:42,719  INFO MyThread:32 - sout from Thread: c
21:54:42,719  INFO MyThread:32 - sout from Thread: c
21:54:42,719  INFO MyThread:32 - sout from Thread: c
21:54:42,719  INFO MyThread:32 - sout from Thread: c
21:54:42,719  INFO MyThread:32 - sout from Thread: c
21:54:42,719  INFO MyThread:32 - sout from Thread: c
21:54:42,719  INFO MyThread:32 - sout from Thread: c
21:54:42,719  INFO MyThread:32 - sout from Thread: c
21:54:42,719  INFO MyThread:32 - sout from Thread: c
21:54:42,719  INFO MyThread:32 - sout from Thread: c
21:54:42,719  INFO MyThread:32 - sout from Thread: c
21:54:42,719  INFO MyThread:32 - sout from Thread: c
21:54:42,719  INFO MyThread:32 - sout from Thread: c
21:54:42,719  INFO MyThread:32 - sout from Thread: c
21:54:42,719  INFO MyThread:32 - sout from Thread: c
21:54:42,719  INFO MyThread:32 - sout from Thread: c
21:54:42,719  INFO MyThread:32 - sout from Thread: c
21:54:42,719  INFO MyThread:32 - sout from Thread: c
21:54:42,719  INFO MyThread:32 - sout from Thread: c
21:54:42,720  INFO MyThread:32 - sout from Thread: c
21:54:42,720  INFO MyThread:32 - sout from Thread: c
21:54:42,720  INFO MyThread:32 - sout from Thread: c
21:54:42,720  INFO MyThread:32 - sout from Thread: c
21:54:42,720  INFO MyThread:32 - sout from Thread: c
21:54:42,720  INFO MyThread:32 - sout from Thread: c
21:54:42,720  INFO MyThread:32 - sout from Thread: c
21:54:42,720  INFO MyThread:32 - sout from Thread: c
21:54:42,720  INFO MyThread:32 - sout from Thread: c
21:54:42,720  INFO MyThread:32 - sout from Thread: c
21:54:42,720  INFO MyThread:32 - sout from Thread: c
21:54:42,720  INFO MyThread:32 - sout from Thread: c
21:54:42,720  INFO MyThread:32 - sout from Thread: c
21:54:42,720  INFO MyThread:32 - sout from Thread: c
21:54:42,720  INFO MyThread:32 - sout from Thread: c
21:54:42,720  INFO MyThread:32 - sout from Thread: c
21:55:33,701  INFO Task1:23 - Задание 1
[Топота, Старинная, Скороговорка]
21:56:13,398  INFO Task1:23 - Задание 1
[Топота, Старинная, Скороговорка]
21:56:47,073  INFO Main:21 - Задание 2
[Пир стервятников, Танец с драконами]
21:57:44,652  INFO Task3:11 - Задание 3:
21:57:44,655  INFO Task3:12 - Сумма = 48
21:57:44,661  INFO Task3:14 - Среднее = 6.0
21:57:44,663  INFO Task3:16 - Количество больше 10 = 2
21:58:49,443  INFO Main:12 - 123321
21:58:49,445  INFO Main:14 - Контакт не найден
